# JRE version: OpenJDK Runtime Environment (21.0.7) (build 21.0.7+-13880790-b1038.58)
# Java VM: OpenJDK 64-Bit Server VM (21.0.7+-13880790-b1038.58, mixed mode, tiered, compressed oops, compressed class ptrs, g1 gc, windows-amd64)
GC Precious Log:
 CardTable entry size: 512
 Card Set container configuration: InlinePtr #cards 5 size 8 Array Of Cards #cards 12 size 40 Howl #buckets 4 coarsen threshold 1843 Howl Bitmap #cards 512 size 80 coarsen threshold 460 Card regions per heap region 1 cards per card region 2048
 CPUs: 8 total, 8 available
 Memory: 12022M
 Large Page Support: Disabled
 NUMA Support: Disabled
 Compressed Oops: Enabled (32-bit)
 Heap Region Size: 1M
 Heap Min Capacity: 8M
 Heap Initial Capacity: 188M
 Heap Max Capacity: 2G
 Pre-touch: Disabled
 Parallel Workers: 8
 Concurrent Workers: 2
 Concurrent Refinement Workers: 8
 Periodic GC: Disabled
Heap:
 garbage-first heap   total 418816K, used 287837K [0x0000000080000000, 0x0000000100000000)
  region size 1024K, 85 young (87040K), 9 survivors (9216K)
 Metaspace       used 168539K, committed 169920K, reserved 1245184K
  class space    used 21573K, committed 22208K, reserved 1048576K
GC Heap History (20 events):
Event: 83.424 GC heap before
{Heap before GC invocations=72 (full 0):
 garbage-first heap   total 391168K, used 306603K [0x0000000080000000, 0x0000000100000000)
  region size 1024K, 96 young (98304K), 6 survivors (6144K)
 Metaspace       used 139422K, committed 141632K, reserved 1179648K
  class space    used 18520K, committed 19584K, reserved 1048576K
}
Event: 83.429 GC heap after
{Heap after GC invocations=73 (full 0):
 garbage-first heap   total 391168K, used 212791K [0x0000000080000000, 0x0000000100000000)
  region size 1024K, 5 young (5120K), 5 survivors (5120K)
 Metaspace       used 139422K, committed 141632K, reserved 1179648K
  class space    used 18520K, committed 19584K, reserved 1048576K
}
Event: 84.298 GC heap before
{Heap before GC invocations=74 (full 0):
 garbage-first heap   total 391168K, used 366391K [0x0000000080000000, 0x0000000100000000)
  region size 1024K, 153 young (156672K), 5 survivors (5120K)
 Metaspace       used 139806K, committed 142016K, reserved 1179648K
  class space    used 18542K, committed 19648K, reserved 1048576K
}
Event: 84.304 GC heap after
{Heap after GC invocations=75 (full 0):
 garbage-first heap   total 391168K, used 218154K [0x0000000080000000, 0x0000000100000000)
  region size 1024K, 8 young (8192K), 8 survivors (8192K)
 Metaspace       used 139806K, committed 142016K, reserved 1179648K
  class space    used 18542K, committed 19648K, reserved 1048576K
}
Event: 96.910 GC heap before
{Heap before GC invocations=75 (full 0):
 garbage-first heap   total 391168K, used 361514K [0x0000000080000000, 0x0000000100000000)
  region size 1024K, 148 young (151552K), 8 survivors (8192K)
 Metaspace       used 143070K, committed 145344K, reserved 1179648K
  class space    used 18898K, committed 20032K, reserved 1048576K
}
Event: 96.920 GC heap after
{Heap after GC invocations=76 (full 0):
 garbage-first heap   total 391168K, used 215634K [0x0000000080000000, 0x0000000100000000)
  region size 1024K, 9 young (9216K), 9 survivors (9216K)
 Metaspace       used 143070K, committed 145344K, reserved 1179648K
  class space    used 18898K, committed 20032K, reserved 1048576K
}
Event: 117.793 GC heap before
{Heap before GC invocations=76 (full 0):
 garbage-first heap   total 391168K, used 358994K [0x0000000080000000, 0x0000000100000000)
  region size 1024K, 150 young (153600K), 9 survivors (9216K)
 Metaspace       used 146858K, committed 149184K, reserved 1179648K
  class space    used 19333K, committed 20480K, reserved 1048576K
}
Event: 117.806 GC heap after
{Heap after GC invocations=77 (full 0):
 garbage-first heap   total 391168K, used 221464K [0x0000000080000000, 0x0000000100000000)
  region size 1024K, 14 young (14336K), 14 survivors (14336K)
 Metaspace       used 146858K, committed 149184K, reserved 1179648K
  class space    used 19333K, committed 20480K, reserved 1048576K
}
Event: 1901.997 GC heap before
{Heap before GC invocations=78 (full 0):
 garbage-first heap   total 391168K, used 354584K [0x0000000080000000, 0x0000000100000000)
  region size 1024K, 145 young (148480K), 14 survivors (14336K)
 Metaspace       used 153814K, committed 156224K, reserved 1245184K
  class space    used 19980K, committed 21184K, reserved 1048576K
}
Event: 1902.067 GC heap after
{Heap after GC invocations=79 (full 0):
 garbage-first heap   total 391168K, used 221985K [0x0000000080000000, 0x0000000100000000)
  region size 1024K, 12 young (12288K), 12 survivors (12288K)
 Metaspace       used 153814K, committed 156224K, reserved 1245184K
  class space    used 19980K, committed 21184K, reserved 1048576K
}
Event: 3096.902 GC heap before
{Heap before GC invocations=79 (full 0):
 garbage-first heap   total 391168K, used 356129K [0x0000000080000000, 0x0000000100000000)
  region size 1024K, 144 young (147456K), 12 survivors (12288K)
 Metaspace       used 156767K, committed 159232K, reserved 1245184K
  class space    used 20367K, committed 21568K, reserved 1048576K
}
Event: 3096.990 GC heap after
{Heap after GC invocations=80 (full 0):
 garbage-first heap   total 391168K, used 233453K [0x0000000080000000, 0x0000000100000000)
  region size 1024K, 18 young (18432K), 18 survivors (18432K)
 Metaspace       used 156767K, committed 159232K, reserved 1245184K
  class space    used 20367K, committed 21568K, reserved 1048576K
}
Event: 3101.103 GC heap before
{Heap before GC invocations=80 (full 0):
 garbage-first heap   total 391168K, used 326637K [0x0000000080000000, 0x0000000100000000)
  region size 1024K, 111 young (113664K), 18 survivors (18432K)
 Metaspace       used 159471K, committed 161984K, reserved 1245184K
  class space    used 20751K, committed 22016K, reserved 1048576K
}
Event: 3101.141 GC heap after
{Heap after GC invocations=81 (full 0):
 garbage-first heap   total 391168K, used 249646K [0x0000000080000000, 0x0000000100000000)
  region size 1024K, 15 young (15360K), 15 survivors (15360K)
 Metaspace       used 159471K, committed 161984K, reserved 1245184K
  class space    used 20751K, committed 22016K, reserved 1048576K
}
Event: 3103.564 GC heap before
{Heap before GC invocations=82 (full 0):
 garbage-first heap   total 418816K, used 376622K [0x0000000080000000, 0x0000000100000000)
  region size 1024K, 117 young (119808K), 15 survivors (15360K)
 Metaspace       used 157493K, committed 162176K, reserved 1245184K
  class space    used 20151K, committed 22016K, reserved 1048576K
}
Event: 3103.576 GC heap after
{Heap after GC invocations=83 (full 0):
 garbage-first heap   total 418816K, used 239616K [0x0000000080000000, 0x0000000100000000)
  region size 1024K, 6 young (6144K), 6 survivors (6144K)
 Metaspace       used 157493K, committed 162176K, reserved 1245184K
  class space    used 20151K, committed 22016K, reserved 1048576K
}
Event: 3105.359 GC heap before
{Heap before GC invocations=83 (full 0):
 garbage-first heap   total 418816K, used 387072K [0x0000000080000000, 0x0000000100000000)
  region size 1024K, 149 young (152576K), 6 survivors (6144K)
 Metaspace       used 162315K, committed 164544K, reserved 1245184K
  class space    used 20610K, committed 22016K, reserved 1048576K
}
Event: 3105.369 GC heap after
{Heap after GC invocations=84 (full 0):
 garbage-first heap   total 418816K, used 203547K [0x0000000080000000, 0x0000000100000000)
  region size 1024K, 3 young (3072K), 3 survivors (3072K)
 Metaspace       used 162315K, committed 164544K, reserved 1245184K
  class space    used 20610K, committed 22016K, reserved 1048576K
}
Event: 3108.285 GC heap before
{Heap before GC invocations=84 (full 0):
 garbage-first heap   total 418816K, used 375579K [0x0000000080000000, 0x0000000100000000)
  region size 1024K, 172 young (176128K), 3 survivors (3072K)
 Metaspace       used 168428K, committed 169792K, reserved 1245184K
  class space    used 21557K, committed 22208K, reserved 1048576K
}
Event: 3108.296 GC heap after
{Heap after GC invocations=85 (full 0):
 garbage-first heap   total 418816K, used 210013K [0x0000000080000000, 0x0000000100000000)
  region size 1024K, 9 young (9216K), 9 survivors (9216K)
 Metaspace       used 168428K, committed 169792K, reserved 1245184K
  class space    used 21557K, committed 22208K, reserved 1048576K
}

